2459171.57258102
2459171.57605102
2459171.57952102
2459171.58299102
2459171.5864610197
2459171.5899310196
2459171.5934010195
2459171.5968710193
2459171.600341019
2459171.603811019
2459171.607281019
2459171.610751019
2459171.6142210187
2459171.6176910186
2459171.6211610185
2459171.6246310184
2459171.6281010183
2459171.631571018
2459171.635041018
2459171.638511018
2459171.641981018
2459171.6454510177
2459171.6489210175
2459171.6523910174
2459171.6558610173
2459171.659331017
2459171.662801017
2459171.666271017
2459171.669741017
2459171.6732110167
2459171.6766810166
2459171.6801510165
2459171.6836210163
2459171.687091016
2459171.690561016
2459171.694031016
2459171.697501016
2459171.7009710157
2459171.7044410156
2459171.7079110155
2459171.7113810154
2459171.7148510152
2459171.718321015
2459171.721791015
2459171.725261015
2459171.7287310148
2459171.7322010146
2459171.7356710145
2459171.7391410144
2459171.7426110143
2459171.746081014
2459171.749551014
2459171.753021014
