2459166.46640046
2459166.4698704598
2459166.4733404596
2459166.4768104595
2459166.4802804594
2459166.4837504593
2459166.487220459
2459166.490690459
2459166.494160459
2459166.497630459
2459166.5011004587
2459166.5045704586
2459166.5080404584
2459166.5115104583
2459166.514980458
2459166.518450458
2459166.521920458
2459166.525390458
2459166.5288604577
2459166.5323304576
2459166.5358004575
2459166.5392704573
2459166.542740457
2459166.546210457
2459166.549680457
2459166.553150457
2459166.5566204567
2459166.5600904566
2459166.5635604565
2459166.5670304564
2459166.5705004563
2459166.573970456
2459166.577440456
2459166.580910456
2459166.584380456
2459166.5878504557
2459166.5913204555
2459166.5947904554
2459166.5982604553
2459166.601730455
2459166.605200455
2459166.608670455
2459166.612140455
2459166.6156104547
2459166.6190804546
2459166.6225504545
2459166.6260204543
2459166.629490454
2459166.632960454
2459166.636430454
2459166.639900454
2459166.6433704537
2459166.6468404536
2459166.6503104535
2459166.6537804534
2459166.6572504533
2459166.660720453
2459166.664190453
2459166.667660453
2459166.671130453
2459166.6746004527
2459166.6780704525
2459166.6815404524
2459166.6850104523
